app/build/intermediates/manifest_merge_blame_file/release/processReleaseMainManifest/manifest-merger-blame-release-report.txt
1<?xml version="1.0" encoding="utf-8"?>
2<manifest xmlns:android="http://schemas.android.com/apk/res/android"
3    package="com.bestoteros.smartcalorie"
4    android:versionCode="1"
5    android:versionName="1.0" >
6
7    <uses-sdk
8        android:minSdkVersion="23"
9        android:targetSdkVersion="34" />
10
11    <uses-permission android:name="android.permission.FOREGROUND_SERVICE_DATA_SYNC" />
11-->src/main/AndroidManifest.xml:3:5-4:74
11-->src/main/AndroidManifest.xml:4:9-71
12    <uses-permission android:name="android.permission.CAMERA" />
12-->src/main/AndroidManifest.xml:5:5-65
12-->src/main/AndroidManifest.xml:5:22-62
13    <uses-permission android:name="android.permission.INTERNET" />
13-->[com.google.ai.client.generativeai:generativeai:0.9.0] AndroidManifest.xml:22:5-67
13-->[com.google.ai.client.generativeai:generativeai:0.9.0] AndroidManifest.xml:22:22-64
14    <uses-permission android:name="android.permission.ACCESS_NETWORK_STATE" />
14-->[com.google.firebase:firebase-auth:23.0.0] AndroidManifest.xml:26:5-79
14-->[com.google.firebase:firebase-auth:23.0.0] AndroidManifest.xml:26:22-76
15    <uses-permission android:name="android.permission.WAKE_LOCK" />
15-->[com.google.android.gms:play-services-measurement:22.0.1] AndroidManifest.xml:25:5-68
15-->[com.google.android.gms:play-services-measurement:22.0.1] AndroidManifest.xml:25:22-65
16    <uses-permission android:name="com.google.android.finsky.permission.BIND_GET_INSTALL_REFERRER_SERVICE" />
16-->[com.google.android.gms:play-services-measurement:22.0.1] AndroidManifest.xml:26:5-110
16-->[com.google.android.gms:play-services-measurement:22.0.1] AndroidManifest.xml:26:22-107
17    <uses-permission android:name="com.google.android.gms.permission.AD_ID" />
17-->[com.google.android.gms:play-services-measurement-api:22.0.1] AndroidManifest.xml:25:5-79
17-->[com.google.android.gms:play-services-measurement-api:22.0.1] AndroidManifest.xml:25:22-76
18    <uses-permission android:name="android.permission.ACCESS_ADSERVICES_ATTRIBUTION" />
18-->[com.google.android.gms:play-services-measurement-api:22.0.1] AndroidManifest.xml:26:5-88
18-->[com.google.android.gms:play-services-measurement-api:22.0.1] AndroidManifest.xml:26:22-85
19    <uses-permission android:name="android.permission.ACCESS_ADSERVICES_AD_ID" />
19-->[com.google.android.gms:play-services-measurement-api:22.0.1] AndroidManifest.xml:27:5-82
19-->[com.google.android.gms:play-services-measurement-api:22.0.1] AndroidManifest.xml:27:22-79
20    <uses-permission android:name="com.google.android.providers.gsf.permission.READ_GSERVICES" />
20-->[com.google.android.recaptcha:recaptcha:18.4.0] AndroidManifest.xml:9:5-98
20-->[com.google.android.recaptcha:recaptcha:18.4.0] AndroidManifest.xml:9:22-95
21
22    <permission
22-->[androidx.core:core:1.15.0] AndroidManifest.xml:22:5-24:47
23        android:name="com.bestoteros.smartcalorie.DYNAMIC_RECEIVER_NOT_EXPORTED_PERMISSION"
23-->[androidx.core:core:1.15.0] AndroidManifest.xml:23:9-81
24        android:protectionLevel="signature" />
24-->[androidx.core:core:1.15.0] AndroidManifest.xml:24:9-44
25
26    <uses-permission android:name="com.bestoteros.smartcalorie.DYNAMIC_RECEIVER_NOT_EXPORTED_PERMISSION" />
26-->[androidx.core:core:1.15.0] AndroidManifest.xml:26:5-97
26-->[androidx.core:core:1.15.0] AndroidManifest.xml:26:22-94
27
28    <application
28-->src/main/AndroidManifest.xml:7:5-23:19
29        android:allowBackup="true"
29-->src/main/AndroidManifest.xml:8:9-35
30        android:appComponentFactory="androidx.core.app.CoreComponentFactory"
30-->[androidx.core:core:1.15.0] AndroidManifest.xml:28:18-86
31        android:extractNativeLibs="false"
32        android:icon="@mipmap/ic_my_icon"
32-->src/main/AndroidManifest.xml:9:9-42
33        android:label="@string/app_name"
33-->src/main/AndroidManifest.xml:10:9-41
34        android:roundIcon="@mipmap/ic_my_icon"
34-->src/main/AndroidManifest.xml:11:9-47
35        android:supportsRtl="true"
35-->src/main/AndroidManifest.xml:12:9-35
36        android:theme="@style/Theme.ComposeEmptyActivity" >
36-->src/main/AndroidManifest.xml:13:9-58
37        <activity
37-->src/main/AndroidManifest.xml:14:9-22:20
38            android:name="com.example.mycompose.calorietrackerscreen.MainActivity"
38-->src/main/AndroidManifest.xml:15:13-41
39            android:exported="true"
39-->src/main/AndroidManifest.xml:16:13-36
40            android:theme="@style/Theme.ComposeEmptyActivity" >
40-->src/main/AndroidManifest.xml:17:13-62
41            <intent-filter>
41-->src/main/AndroidManifest.xml:18:13-21:29
42                <action android:name="android.intent.action.MAIN" />
42-->src/main/AndroidManifest.xml:19:17-69
42-->src/main/AndroidManifest.xml:19:25-66
43
44                <category android:name="android.intent.category.LAUNCHER" />
44-->src/main/AndroidManifest.xml:20:17-77
44-->src/main/AndroidManifest.xml:20:27-74
45            </intent-filter>
46        </activity>
47        <activity
47-->[com.google.firebase:firebase-auth:23.0.0] AndroidManifest.xml:29:9-46:20
48            android:name="com.google.firebase.auth.internal.GenericIdpActivity"
48-->[com.google.firebase:firebase-auth:23.0.0] AndroidManifest.xml:30:13-80
49            android:excludeFromRecents="true"
49-->[com.google.firebase:firebase-auth:23.0.0] AndroidManifest.xml:31:13-46
50            android:exported="true"
50-->[com.google.firebase:firebase-auth:23.0.0] AndroidManifest.xml:32:13-36
51            android:launchMode="singleTask"
51-->[com.google.firebase:firebase-auth:23.0.0] AndroidManifest.xml:33:13-44
52            android:theme="@android:style/Theme.Translucent.NoTitleBar" >
52-->[com.google.firebase:firebase-auth:23.0.0] AndroidManifest.xml:34:13-72
53            <intent-filter>
53-->[com.google.firebase:firebase-auth:23.0.0] AndroidManifest.xml:35:13-45:29
54                <action android:name="android.intent.action.VIEW" />
54-->[com.google.firebase:firebase-auth:23.0.0] AndroidManifest.xml:36:17-69
54-->[com.google.firebase:firebase-auth:23.0.0] AndroidManifest.xml:36:25-66
55
56                <category android:name="android.intent.category.DEFAULT" />
56-->[com.google.firebase:firebase-auth:23.0.0] AndroidManifest.xml:38:17-76
56-->[com.google.firebase:firebase-auth:23.0.0] AndroidManifest.xml:38:27-73
57                <category android:name="android.intent.category.BROWSABLE" />
57-->[com.google.firebase:firebase-auth:23.0.0] AndroidManifest.xml:39:17-78
57-->[com.google.firebase:firebase-auth:23.0.0] AndroidManifest.xml:39:27-75
58
59                <data
59-->[com.google.firebase:firebase-auth:23.0.0] AndroidManifest.xml:41:17-44:51
60                    android:host="firebase.auth"
60-->[com.google.firebase:firebase-auth:23.0.0] AndroidManifest.xml:42:21-49
61                    android:path="/"
61-->[com.google.firebase:firebase-auth:23.0.0] AndroidManifest.xml:43:21-37
62                    android:scheme="genericidp" />
62-->[com.google.firebase:firebase-auth:23.0.0] AndroidManifest.xml:44:21-48
63            </intent-filter>
64        </activity>
65        <activity
65-->[com.google.firebase:firebase-auth:23.0.0] AndroidManifest.xml:47:9-64:20
66            android:name="com.google.firebase.auth.internal.RecaptchaActivity"
66-->[com.google.firebase:firebase-auth:23.0.0] AndroidManifest.xml:48:13-79
67            android:excludeFromRecents="true"
67-->[com.google.firebase:firebase-auth:23.0.0] AndroidManifest.xml:49:13-46
68            android:exported="true"
68-->[com.google.firebase:firebase-auth:23.0.0] AndroidManifest.xml:50:13-36
69            android:launchMode="singleTask"
69-->[com.google.firebase:firebase-auth:23.0.0] AndroidManifest.xml:51:13-44
70            android:theme="@android:style/Theme.Translucent.NoTitleBar" >
70-->[com.google.firebase:firebase-auth:23.0.0] AndroidManifest.xml:52:13-72
71            <intent-filter>
71-->[com.google.firebase:firebase-auth:23.0.0] AndroidManifest.xml:53:13-63:29
72                <action android:name="android.intent.action.VIEW" />
72-->[com.google.firebase:firebase-auth:23.0.0] AndroidManifest.xml:36:17-69
72-->[com.google.firebase:firebase-auth:23.0.0] AndroidManifest.xml:36:25-66
73
74                <category android:name="android.intent.category.DEFAULT" />
74-->[com.google.firebase:firebase-auth:23.0.0] AndroidManifest.xml:38:17-76
74-->[com.google.firebase:firebase-auth:23.0.0] AndroidManifest.xml:38:27-73
75                <category android:name="android.intent.category.BROWSABLE" />
75-->[com.google.firebase:firebase-auth:23.0.0] AndroidManifest.xml:39:17-78
75-->[com.google.firebase:firebase-auth:23.0.0] AndroidManifest.xml:39:27-75
76
77                <data
77-->[com.google.firebase:firebase-auth:23.0.0] AndroidManifest.xml:41:17-44:51
78                    android:host="firebase.auth"
78-->[com.google.firebase:firebase-auth:23.0.0] AndroidManifest.xml:42:21-49
79                    android:path="/"
79-->[com.google.firebase:firebase-auth:23.0.0] AndroidManifest.xml:43:21-37
80                    android:scheme="recaptcha" />
80-->[com.google.firebase:firebase-auth:23.0.0] AndroidManifest.xml:44:21-48
81            </intent-filter>
82        </activity>
83
84        <service
84-->[com.google.firebase:firebase-auth:23.0.0] AndroidManifest.xml:66:9-72:19
85            android:name="com.google.firebase.components.ComponentDiscoveryService"
85-->[com.google.firebase:firebase-auth:23.0.0] AndroidManifest.xml:67:13-84
86            android:directBootAware="true"
86-->[com.google.firebase:firebase-common:21.0.0] AndroidManifest.xml:32:13-43
87            android:exported="false" >
87-->[com.google.firebase:firebase-auth:23.0.0] AndroidManifest.xml:68:13-37
88            <meta-data
88-->[com.google.firebase:firebase-auth:23.0.0] AndroidManifest.xml:69:13-71:85
89                android:name="com.google.firebase.components:com.google.firebase.auth.FirebaseAuthRegistrar"
89-->[com.google.firebase:firebase-auth:23.0.0] AndroidManifest.xml:70:17-109
90                android:value="com.google.firebase.components.ComponentRegistrar" />
90-->[com.google.firebase:firebase-auth:23.0.0] AndroidManifest.xml:71:17-82
91            <meta-data
91-->[com.google.firebase:firebase-firestore:25.0.0] AndroidManifest.xml:17:13-19:85
92                android:name="com.google.firebase.components:com.google.firebase.firestore.FirebaseFirestoreKtxRegistrar"
92-->[com.google.firebase:firebase-firestore:25.0.0] AndroidManifest.xml:18:17-122
93                android:value="com.google.firebase.components.ComponentRegistrar" />
93-->[com.google.firebase:firebase-firestore:25.0.0] AndroidManifest.xml:19:17-82
94            <meta-data
94-->[com.google.firebase:firebase-firestore:25.0.0] AndroidManifest.xml:20:13-22:85
95                android:name="com.google.firebase.components:com.google.firebase.firestore.FirestoreRegistrar"
95-->[com.google.firebase:firebase-firestore:25.0.0] AndroidManifest.xml:21:17-111
96                android:value="com.google.firebase.components.ComponentRegistrar" />
96-->[com.google.firebase:firebase-firestore:25.0.0] AndroidManifest.xml:22:17-82
97            <meta-data
97-->[com.google.android.gms:play-services-measurement-api:22.0.1] AndroidManifest.xml:37:13-39:85
98                android:name="com.google.firebase.components:com.google.firebase.analytics.connector.internal.AnalyticsConnectorRegistrar"
98-->[com.google.android.gms:play-services-measurement-api:22.0.1] AndroidManifest.xml:38:17-139
99                android:value="com.google.firebase.components.ComponentRegistrar" />
99-->[com.google.android.gms:play-services-measurement-api:22.0.1] AndroidManifest.xml:39:17-82
100            <meta-data
100-->[com.google.firebase:firebase-installations:18.0.0] AndroidManifest.xml:15:13-17:85
101                android:name="com.google.firebase.components:com.google.firebase.installations.FirebaseInstallationsKtxRegistrar"
101-->[com.google.firebase:firebase-installations:18.0.0] AndroidManifest.xml:16:17-130
102                android:value="com.google.firebase.components.ComponentRegistrar" />
102-->[com.google.firebase:firebase-installations:18.0.0] AndroidManifest.xml:17:17-82
103            <meta-data
103-->[com.google.firebase:firebase-installations:18.0.0] AndroidManifest.xml:18:13-20:85
104                android:name="com.google.firebase.components:com.google.firebase.installations.FirebaseInstallationsRegistrar"
104-->[com.google.firebase:firebase-installations:18.0.0] AndroidManifest.xml:19:17-127
105                android:value="com.google.firebase.components.ComponentRegistrar" />
105-->[com.google.firebase:firebase-installations:18.0.0] AndroidManifest.xml:20:17-82
106            <meta-data
106-->[com.google.firebase:firebase-common-ktx:21.0.0] AndroidManifest.xml:12:13-14:85
107                android:name="com.google.firebase.components:com.google.firebase.ktx.FirebaseCommonLegacyRegistrar"
107-->[com.google.firebase:firebase-common-ktx:21.0.0] AndroidManifest.xml:13:17-116
108                android:value="com.google.firebase.components.ComponentRegistrar" />
108-->[com.google.firebase:firebase-common-ktx:21.0.0] AndroidManifest.xml:14:17-82
109            <meta-data
109-->[com.google.firebase:firebase-common:21.0.0] AndroidManifest.xml:35:13-37:85
110                android:name="com.google.firebase.components:com.google.firebase.FirebaseCommonKtxRegistrar"
110-->[com.google.firebase:firebase-common:21.0.0] AndroidManifest.xml:36:17-109
111                android:value="com.google.firebase.components.ComponentRegistrar" />
111-->[com.google.firebase:firebase-common:21.0.0] AndroidManifest.xml:37:17-82
112        </service>
113
114        <receiver
114-->[com.google.android.gms:play-services-measurement:22.0.1] AndroidManifest.xml:29:9-33:20
115            android:name="com.google.android.gms.measurement.AppMeasurementReceiver"
115-->[com.google.android.gms:play-services-measurement:22.0.1] AndroidManifest.xml:30:13-85
116            android:enabled="true"
116-->[com.google.android.gms:play-services-measurement:22.0.1] AndroidManifest.xml:31:13-35
117            android:exported="false" >
117-->[com.google.android.gms:play-services-measurement:22.0.1] AndroidManifest.xml:32:13-37
118        </receiver>
119
120        <service
120-->[com.google.android.gms:play-services-measurement:22.0.1] AndroidManifest.xml:35:9-38:40
121            android:name="com.google.android.gms.measurement.AppMeasurementService"
121-->[com.google.android.gms:play-services-measurement:22.0.1] AndroidManifest.xml:36:13-84
122            android:enabled="true"
122-->[com.google.android.gms:play-services-measurement:22.0.1] AndroidManifest.xml:37:13-35
123            android:exported="false" />
123-->[com.google.android.gms:play-services-measurement:22.0.1] AndroidManifest.xml:38:13-37
124        <service
124-->[com.google.android.gms:play-services-measurement:22.0.1] AndroidManifest.xml:39:9-43:72
125            android:name="com.google.android.gms.measurement.AppMeasurementJobService"
125-->[com.google.android.gms:play-services-measurement:22.0.1] AndroidManifest.xml:40:13-87
126            android:enabled="true"
126-->[com.google.android.gms:play-services-measurement:22.0.1] AndroidManifest.xml:41:13-35
127            android:exported="false"
127-->[com.google.android.gms:play-services-measurement:22.0.1] AndroidManifest.xml:42:13-37
128            android:permission="android.permission.BIND_JOB_SERVICE" />
128-->[com.google.android.gms:play-services-measurement:22.0.1] AndroidManifest.xml:43:13-69
129
130        <property
130-->[com.google.android.gms:play-services-measurement-api:22.0.1] AndroidManifest.xml:30:9-32:61
131            android:name="android.adservices.AD_SERVICES_CONFIG"
131-->[com.google.android.gms:play-services-measurement-api:22.0.1] AndroidManifest.xml:31:13-65
132            android:resource="@xml/ga_ad_services_config" />
132-->[com.google.android.gms:play-services-measurement-api:22.0.1] AndroidManifest.xml:32:13-58
133
134        <service
134-->[androidx.credentials:credentials-play-services-auth:1.2.0-rc01] AndroidManifest.xml:24:9-32:19
135            android:name="androidx.credentials.playservices.CredentialProviderMetadataHolder"
135-->[androidx.credentials:credentials-play-services-auth:1.2.0-rc01] AndroidManifest.xml:25:13-94
136            android:enabled="true"
136-->[androidx.credentials:credentials-play-services-auth:1.2.0-rc01] AndroidManifest.xml:26:13-35
137            android:exported="false" >
137-->[androidx.credentials:credentials-play-services-auth:1.2.0-rc01] AndroidManifest.xml:27:13-37
138            <meta-data
138-->[androidx.credentials:credentials-play-services-auth:1.2.0-rc01] AndroidManifest.xml:29:13-31:104
139                android:name="androidx.credentials.CREDENTIAL_PROVIDER_KEY"
139-->[androidx.credentials:credentials-play-services-auth:1.2.0-rc01] AndroidManifest.xml:30:17-76
140                android:value="androidx.credentials.playservices.CredentialProviderPlayServicesImpl" />
140-->[androidx.credentials:credentials-play-services-auth:1.2.0-rc01] AndroidManifest.xml:31:17-101
141        </service>
142
143        <activity
143-->[androidx.credentials:credentials-play-services-auth:1.2.0-rc01] AndroidManifest.xml:34:9-41:20
144            android:name="androidx.credentials.playservices.HiddenActivity"
144-->[androidx.credentials:credentials-play-services-auth:1.2.0-rc01] AndroidManifest.xml:35:13-76
145            android:configChanges="orientation|screenSize|screenLayout|keyboardHidden"
145-->[androidx.credentials:credentials-play-services-auth:1.2.0-rc01] AndroidManifest.xml:36:13-87
146            android:enabled="true"
146-->[androidx.credentials:credentials-play-services-auth:1.2.0-rc01] AndroidManifest.xml:37:13-35
147            android:exported="false"
147-->[androidx.credentials:credentials-play-services-auth:1.2.0-rc01] AndroidManifest.xml:38:13-37
148            android:fitsSystemWindows="true"
148-->[androidx.credentials:credentials-play-services-auth:1.2.0-rc01] AndroidManifest.xml:39:13-45
149            android:theme="@style/Theme.Hidden" >
149-->[androidx.credentials:credentials-play-services-auth:1.2.0-rc01] AndroidManifest.xml:40:13-48
150        </activity>
151        <activity
151-->[com.google.android.gms:play-services-auth:20.7.0] AndroidManifest.xml:23:9-27:75
152            android:name="com.google.android.gms.auth.api.signin.internal.SignInHubActivity"
152-->[com.google.android.gms:play-services-auth:20.7.0] AndroidManifest.xml:24:13-93
153            android:excludeFromRecents="true"
153-->[com.google.android.gms:play-services-auth:20.7.0] AndroidManifest.xml:25:13-46
154            android:exported="false"
154-->[com.google.android.gms:play-services-auth:20.7.0] AndroidManifest.xml:26:13-37
155            android:theme="@android:style/Theme.Translucent.NoTitleBar" />
155-->[com.google.android.gms:play-services-auth:20.7.0] AndroidManifest.xml:27:13-72
156        <!--
157            Service handling Google Sign-In user revocation. For apps that do not integrate with
158            Google Sign-In, this service will never be started.
159        -->
160        <service
160-->[com.google.android.gms:play-services-auth:20.7.0] AndroidManifest.xml:33:9-37:51
161            android:name="com.google.android.gms.auth.api.signin.RevocationBoundService"
161-->[com.google.android.gms:play-services-auth:20.7.0] AndroidManifest.xml:34:13-89
162            android:exported="true"
162-->[com.google.android.gms:play-services-auth:20.7.0] AndroidManifest.xml:35:13-36
163            android:permission="com.google.android.gms.auth.api.signin.permission.REVOCATION_NOTIFICATION"
163-->[com.google.android.gms:play-services-auth:20.7.0] AndroidManifest.xml:36:13-107
164            android:visibleToInstantApps="true" />
164-->[com.google.android.gms:play-services-auth:20.7.0] AndroidManifest.xml:37:13-48
165
166        <provider
166-->[com.google.firebase:firebase-common:21.0.0] AndroidManifest.xml:23:9-28:39
167            android:name="com.google.firebase.provider.FirebaseInitProvider"
167-->[com.google.firebase:firebase-common:21.0.0] AndroidManifest.xml:24:13-77
168            android:authorities="com.bestoteros.smartcalorie.firebaseinitprovider"
168-->[com.google.firebase:firebase-common:21.0.0] AndroidManifest.xml:25:13-72
169            android:directBootAware="true"
169-->[com.google.firebase:firebase-common:21.0.0] AndroidManifest.xml:26:13-43
170            android:exported="false"
170-->[com.google.firebase:firebase-common:21.0.0] AndroidManifest.xml:27:13-37
171            android:initOrder="100" />
171-->[com.google.firebase:firebase-common:21.0.0] AndroidManifest.xml:28:13-36
172
173        <activity
173-->[com.google.android.gms:play-services-base:18.0.1] AndroidManifest.xml:20:9-22:45
174            android:name="com.google.android.gms.common.api.GoogleApiActivity"
174-->[com.google.android.gms:play-services-base:18.0.1] AndroidManifest.xml:20:19-85
175            android:exported="false"
175-->[com.google.android.gms:play-services-base:18.0.1] AndroidManifest.xml:22:19-43
176            android:theme="@android:style/Theme.Translucent.NoTitleBar" />
176-->[com.google.android.gms:play-services-base:18.0.1] AndroidManifest.xml:21:19-78
177
178        <provider
178-->[androidx.emoji2:emoji2:1.4.0] AndroidManifest.xml:24:9-32:20
179            android:name="androidx.startup.InitializationProvider"
179-->[androidx.emoji2:emoji2:1.4.0] AndroidManifest.xml:25:13-67
180            android:authorities="com.bestoteros.smartcalorie.androidx-startup"
180-->[androidx.emoji2:emoji2:1.4.0] AndroidManifest.xml:26:13-68
181            android:exported="false" >
181-->[androidx.emoji2:emoji2:1.4.0] AndroidManifest.xml:27:13-37
182            <meta-data
182-->[androidx.emoji2:emoji2:1.4.0] AndroidManifest.xml:29:13-31:52
183                android:name="androidx.emoji2.text.EmojiCompatInitializer"
183-->[androidx.emoji2:emoji2:1.4.0] AndroidManifest.xml:30:17-75
184                android:value="androidx.startup" />
184-->[androidx.emoji2:emoji2:1.4.0] AndroidManifest.xml:31:17-49
185            <meta-data
185-->[androidx.lifecycle:lifecycle-process:2.9.4] AndroidManifest.xml:29:13-31:52
186                android:name="androidx.lifecycle.ProcessLifecycleInitializer"
186-->[androidx.lifecycle:lifecycle-process:2.9.4] AndroidManifest.xml:30:17-78
187                android:value="androidx.startup" />
187-->[androidx.lifecycle:lifecycle-process:2.9.4] AndroidManifest.xml:31:17-49
188            <meta-data
188-->[androidx.profileinstaller:profileinstaller:1.4.0] AndroidManifest.xml:29:13-31:52
189                android:name="androidx.profileinstaller.ProfileInstallerInitializer"
189-->[androidx.profileinstaller:profileinstaller:1.4.0] AndroidManifest.xml:30:17-85
190                android:value="androidx.startup" />
190-->[androidx.profileinstaller:profileinstaller:1.4.0] AndroidManifest.xml:31:17-49
191        </provider>
192
193        <receiver
193-->[androidx.profileinstaller:profileinstaller:1.4.0] AndroidManifest.xml:34:9-52:20
194            android:name="androidx.profileinstaller.ProfileInstallReceiver"
194-->[androidx.profileinstaller:profileinstaller:1.4.0] AndroidManifest.xml:35:13-76
195            android:directBootAware="false"
195-->[androidx.profileinstaller:profileinstaller:1.4.0] AndroidManifest.xml:36:13-44
196            android:enabled="true"
196-->[androidx.profileinstaller:profileinstaller:1.4.0] AndroidManifest.xml:37:13-35
197            android:exported="true"
197-->[androidx.profileinstaller:profileinstaller:1.4.0] AndroidManifest.xml:38:13-36
198            android:permission="android.permission.DUMP" >
198-->[androidx.profileinstaller:profileinstaller:1.4.0] AndroidManifest.xml:39:13-57
199            <intent-filter>
199-->[androidx.profileinstaller:profileinstaller:1.4.0] AndroidManifest.xml:40:13-42:29
200                <action android:name="androidx.profileinstaller.action.INSTALL_PROFILE" />
200-->[androidx.profileinstaller:profileinstaller:1.4.0] AndroidManifest.xml:41:17-91
200-->[androidx.profileinstaller:profileinstaller:1.4.0] AndroidManifest.xml:41:25-88
201            </intent-filter>
202            <intent-filter>
202-->[androidx.profileinstaller:profileinstaller:1.4.0] AndroidManifest.xml:43:13-45:29
203                <action android:name="androidx.profileinstaller.action.SKIP_FILE" />
203-->[androidx.profileinstaller:profileinstaller:1.4.0] AndroidManifest.xml:44:17-85
203-->[androidx.profileinstaller:profileinstaller:1.4.0] AndroidManifest.xml:44:25-82
204            </intent-filter>
205            <intent-filter>
205-->[androidx.profileinstaller:profileinstaller:1.4.0] AndroidManifest.xml:46:13-48:29
206                <action android:name="androidx.profileinstaller.action.SAVE_PROFILE" />
206-->[androidx.profileinstaller:profileinstaller:1.4.0] AndroidManifest.xml:47:17-88
206-->[androidx.profileinstaller:profileinstaller:1.4.0] AndroidManifest.xml:47:25-85
207            </intent-filter>
208            <intent-filter>
208-->[androidx.profileinstaller:profileinstaller:1.4.0] AndroidManifest.xml:49:13-51:29
209                <action android:name="androidx.profileinstaller.action.BENCHMARK_OPERATION" />
209-->[androidx.profileinstaller:profileinstaller:1.4.0] AndroidManifest.xml:50:17-95
209-->[androidx.profileinstaller:profileinstaller:1.4.0] AndroidManifest.xml:50:25-92
210            </intent-filter>
211        </receiver>
212
213        <uses-library
213-->[androidx.privacysandbox.ads:ads-adservices:1.0.0-beta05] AndroidManifest.xml:23:9-25:40
214            android:name="android.ext.adservices"
214-->[androidx.privacysandbox.ads:ads-adservices:1.0.0-beta05] AndroidManifest.xml:24:13-50
215            android:required="false" />
215-->[androidx.privacysandbox.ads:ads-adservices:1.0.0-beta05] AndroidManifest.xml:25:13-37
216
217        <meta-data
217-->[com.google.android.gms:play-services-basement:18.3.0] AndroidManifest.xml:21:9-23:69
218            android:name="com.google.android.gms.version"
218-->[com.google.android.gms:play-services-basement:18.3.0] AndroidManifest.xml:22:13-58
219            android:value="@integer/google_play_services_version" />
219-->[com.google.android.gms:play-services-basement:18.3.0] AndroidManifest.xml:23:13-66
220    </application>
221
222</manifest>